<?xml version="1.0" encoding="UTF-8"?>
<!-- Generated by org.testng.reporters.JUnitReportReporter -->
<testsuite hostname="LAPTOP-SOT6J1EH" failures="0" tests="5" name="com.org.Tests.LoginTest" time="168.020" errors="0" timestamp="2023-07-30T14:16:43 IST" skipped="0">
  <testcase classname="com.org.Tests.LoginTest" name="loginTest" time="30.278"/>
  <testcase classname="com.org.Tests.LoginTest" name="loginTest" time="40.306"/>
  <testcase classname="com.org.Tests.LoginTest" name="loginTest" time="27.744"/>
  <testcase classname="com.org.Tests.LoginTest" name="loginTest" time="39.782"/>
  <testcase classname="com.org.Tests.LoginTest" name="loginTest" time="29.910"/>
</testsuite> <!-- com.org.Tests.LoginTest -->
