<?xml version="1.0" encoding="UTF-8"?>
<!-- Generated by org.testng.reporters.JUnitReportReporter -->
<testsuite hostname="LAPTOP-SOT6J1EH" failures="0" tests="1" name="com.org.Tests.LoginTest" time="5.538" errors="0" timestamp="2023-06-30T12:50:20 IST" skipped="0">
  <testcase classname="com.org.Tests.LoginTest" name="loginTest" time="5.538"/>
</testsuite> <!-- com.org.Tests.LoginTest -->
