<?xml version="1.0" encoding="UTF-8"?>
<!-- Generated by org.testng.reporters.JUnitReportReporter -->
<testsuite hostname="LAPTOP-SOT6J1EH" failures="0" tests="2" name="com.org.Tests.LoginTest" time="56.677" errors="0" timestamp="2023-08-27T13:54:48 IST" skipped="0">
  <testcase classname="com.org.Tests.LoginTest" name="loginTest" time="27.420"/>
  <testcase classname="com.org.Tests.LoginTest" name="loginTest" time="29.257"/>
</testsuite> <!-- com.org.Tests.LoginTest -->
