<?xml version="1.0" encoding="UTF-8"?>
<!-- Generated by org.testng.reporters.JUnitReportReporter -->
<testsuite hostname="LAPTOP-SOT6J1EH" failures="0" tests="3" name="com.org.Tests.LoginTest" time="110.943" errors="0" timestamp="2023-09-07T14:35:22 IST" skipped="0">
  <testcase classname="com.org.Tests.LoginTest" name="loginTest" time="32.748"/>
  <testcase classname="com.org.Tests.LoginTest" name="loginTest" time="44.219"/>
  <testcase classname="com.org.Tests.LoginTest" name="loginTest" time="33.976"/>
</testsuite> <!-- com.org.Tests.LoginTest -->
